<?xml version="1.0" encoding="UTF-8"?>
<!-- Generated by org.testng.reporters.JUnitReportReporter -->
<testsuite hostname="MacBooks-MBP-2" failures="0" tests="1" name="RestAssureCatsAPI.CatRondomFact" time="3.375" errors="0" timestamp="2022-10-07T17:44:01 BST" skipped="0">
  <testcase classname="RestAssureCatsAPI.CatRondomFact" name="catsFactRequest" time="3.375"/>
  <system-out/>
</testsuite> <!-- RestAssureCatsAPI.CatRondomFact -->
