<?xml version="1.0" encoding="UTF-8"?>
<!-- Generated by org.testng.reporters.JUnitReportReporter -->
<testsuite hostname="MacBooks-MBP-2" failures="0" tests="1" name="RestAssureCatsAPI.CatsBreeds" time="3.746" errors="0" timestamp="2022-10-07T17:43:49 BST" skipped="0">
  <testcase classname="RestAssureCatsAPI.CatsBreeds" name="validateResponseVariableLengthContainNumber" time="3.746"/>
  <system-out/>
</testsuite> <!-- RestAssureCatsAPI.CatsBreeds -->
