<?xml version="1.0" encoding="UTF-8"?>
<!-- Generated by org.testng.reporters.JUnitReportReporter -->
<testsuite hostname="MacBooks-MBP-2" failures="0" tests="1" name="RestAssureCatsAPI.ListOfCatFacts" time="1.748" errors="0" timestamp="2022-10-07T17:43:08 BST" skipped="0">
  <testcase classname="RestAssureCatsAPI.ListOfCatFacts" name="validateResponseVariableLengthContainNumber" time="1.748"/>
  <system-out/>
</testsuite> <!-- RestAssureCatsAPI.ListOfCatFacts -->
